Build started 7/12/2013 2:32:06 PM.
     1>Project "C:\Users\Eric\code\game\maki-engine\D3DRenderCore.vcxproj" on node 2 (Build target(s)).
     1>ClCompile:
         C:\Program Files (x86)\Microsoft Visual Studio 11.0\VC\bin\CL.exe /c /Isrc /I"deps/SDL2-2.0.0/include" /ZI /nologo /W3 /WX- /Od /Oy- /D WIN32 /D EXPORT_MAKI_D3DRENDERCORE_API /D _DEBUG /D _WINDOWS /D _USRDLL /D D3DRENDERCORE_EXPORTS /D _WINDLL /D _UNICODE /D UNICODE /Gm /EHsc /RTC1 /MDd /GS /fp:precise /Zc:wchar_t /Zc:forScope /Yc"d3drendercore/d3drendercore_stdafx.h" /Fp"intermediate/Debug_d3drendercore/MakiD3DRenderCore.pch" /Fo"intermediate/Debug_d3drendercore/" /Fd"intermediate/Debug_d3drendercore/vc110.pdb" /Gd /TP /analyze- /errorReport:prompt src\d3drendercore\d3drendercore_stdafx.cpp
         d3drendercore_stdafx.cpp
         C:\Program Files (x86)\Microsoft Visual Studio 11.0\VC\bin\CL.exe /c /Isrc /I"deps/SDL2-2.0.0/include" /ZI /nologo /W3 /WX- /Od /Oy- /D WIN32 /D EXPORT_MAKI_D3DRENDERCORE_API /D _DEBUG /D _WINDOWS /D _USRDLL /D D3DRENDERCORE_EXPORTS /D _WINDLL /D _UNICODE /D UNICODE /Gm /EHsc /RTC1 /MDd /GS /fp:precise /Zc:wchar_t /Zc:forScope /Yu"d3drendercore/d3drendercore_stdafx.h" /Fp"intermediate/Debug_d3drendercore/MakiD3DRenderCore.pch" /Fo"intermediate/Debug_d3drendercore/" /Fd"intermediate/Debug_d3drendercore/vc110.pdb" /Gd /TP /analyze- /errorReport:prompt src\d3drendercore\MakiD3DCommon.cpp src\d3drendercore\MakiD3DGPUTypes.cpp src\d3drendercore\MakiD3DRenderCore.cpp
         Skipping... (no relevant changes detected)
         MakiD3DRenderCore.cpp
         MakiD3DGPUTypes.cpp
         MakiD3DCommon.cpp
       Link:
         C:\Program Files (x86)\Microsoft Visual Studio 11.0\VC\bin\link.exe /ERRORREPORT:PROMPT /OUT:"bin/Debug/MakiD3DRenderCore.dll" /INCREMENTAL /NOLOGO /LIBPATH:bin/Debug /LIBPATH:"deps/SDL2-2.0.0/lib/x86" kernel32.lib user32.lib gdi32.lib winspool.lib comdlg32.lib advapi32.lib shell32.lib ole32.lib oleaut32.lib uuid.lib odbc32.lib odbccp32.lib /MANIFEST /MANIFESTUAC:"level='asInvoker' uiAccess='false'" /manifest:embed /DEBUG /PDB:"bin/Debug/MakiD3DRenderCore.pdb" /SUBSYSTEM:WINDOWS /TLBID:1 /DYNAMICBASE /NXCOMPAT /IMPLIB:"bin/Debug/MakiD3DRenderCore.lib" /MACHINE:X86 /DLL intermediate/Debug_d3drendercore/d3drendercore_stdafx.obj
         intermediate/Debug_d3drendercore/DDSTextureLoader.obj
         intermediate/Debug_d3drendercore/MakiD3DCommon.obj
         intermediate/Debug_d3drendercore/MakiD3DGPUTypes.obj
         intermediate/Debug_d3drendercore/MakiD3DRenderCore.obj
            Creating library bin/Debug/MakiD3DRenderCore.lib and object bin/Debug/MakiD3DRenderCore.exp
     1>MakiD3DRenderCore.obj : error LNK2019: unresolved external symbol "__declspec(dllimport) public: static class Maki::Core::VertexFormat * __cdecl Maki::Core::Manager<class Maki::Core::VertexFormat,class Maki::Core::VertexFormatManager>::Get(unsigned int)" (__imp_?Get@?$Manager@VVertexFormat@Core@Maki@@VVertexFormatManager@23@@Core@Maki@@SAPAVVertexFormat@23@I@Z) referenced in function "protected: virtual void __thiscall Maki::Core::D3D::D3DRenderCore::Draw(class Maki::Core::RenderState const &,class Maki::Core::DrawCommandList const &)" (?Draw@D3DRenderCore@D3D@Core@Maki@@MAEXABVRenderState@34@ABVDrawCommandList@34@@Z)
     1>MakiD3DRenderCore.obj : error LNK2019: unresolved external symbol "__declspec(dllimport) public: static class Maki::Core::TextureSet * __cdecl Maki::Core::Manager<class Maki::Core::TextureSet,class Maki::Core::TextureSetManager>::Get(unsigned int)" (__imp_?Get@?$Manager@VTextureSet@Core@Maki@@VTextureSetManager@23@@Core@Maki@@SAPAVTextureSet@23@I@Z) referenced in function "protected: virtual void __thiscall Maki::Core::D3D::D3DRenderCore::Draw(class Maki::Core::RenderState const &,class Maki::Core::DrawCommandList const &)" (?Draw@D3DRenderCore@D3D@Core@Maki@@MAEXABVRenderState@34@ABVDrawCommandList@34@@Z)
     1>bin/Debug/MakiD3DRenderCore.dll : fatal error LNK1120: 2 unresolved externals
     1>Done Building Project "C:\Users\Eric\code\game\maki-engine\D3DRenderCore.vcxproj" (Build target(s)) -- FAILED.

Build FAILED.

Time Elapsed 00:00:03.10
